c:\users\yassix2\documents\github\partageable\composant1\debug\vc140.pdb
c:\users\yassix2\documents\github\partageable\composant1\debug\vc140.idb
c:\users\yassix2\documents\github\partageable\composant1\debug\composant1.obj
c:\users\yassix2\documents\github\partageable\debug\composant1.lib
c:\users\yassix2\documents\github\partageable\debug\composant1.exp
c:\users\yassix2\documents\github\partageable\composant1\debug\resource.res
c:\users\yassix2\documents\github\partageable\composant1\debug\composant1.vcxprojresolveassemblyreference.cache
c:\users\yassix2\documents\github\partageable\debug\composant1.pdb
c:\users\yassix2\documents\github\partageable\composant1\debug\composant1.tlog\cl.command.1.tlog
c:\users\yassix2\documents\github\partageable\composant1\debug\composant1.tlog\cl.read.1.tlog
c:\users\yassix2\documents\github\partageable\composant1\debug\composant1.tlog\cl.write.1.tlog
c:\users\yassix2\documents\github\partageable\composant1\debug\composant1.tlog\composant1.write.1u.tlog
c:\users\yassix2\documents\github\partageable\composant1\debug\composant1.tlog\link-cvtres.read.1.tlog
c:\users\yassix2\documents\github\partageable\composant1\debug\composant1.tlog\link-cvtres.write.1.tlog
c:\users\yassix2\documents\github\partageable\composant1\debug\composant1.tlog\link-mt.read.1.tlog
c:\users\yassix2\documents\github\partageable\composant1\debug\composant1.tlog\link-mt.write.1.tlog
c:\users\yassix2\documents\github\partageable\composant1\debug\composant1.tlog\link-rc.read.1.tlog
c:\users\yassix2\documents\github\partageable\composant1\debug\composant1.tlog\link-rc.write.1.tlog
c:\users\yassix2\documents\github\partageable\composant1\debug\composant1.tlog\link.6932-cvtres.read.1.tlog
c:\users\yassix2\documents\github\partageable\composant1\debug\composant1.tlog\link.6932-cvtres.write.1.tlog
c:\users\yassix2\documents\github\partageable\composant1\debug\composant1.tlog\link.6932-mt.read.1.tlog
c:\users\yassix2\documents\github\partageable\composant1\debug\composant1.tlog\link.6932-mt.write.1.tlog
c:\users\yassix2\documents\github\partageable\composant1\debug\composant1.tlog\link.6932-rc.read.1.tlog
c:\users\yassix2\documents\github\partageable\composant1\debug\composant1.tlog\link.6932-rc.write.1.tlog
c:\users\yassix2\documents\github\partageable\composant1\debug\composant1.tlog\link.6932.read.1.tlog
c:\users\yassix2\documents\github\partageable\composant1\debug\composant1.tlog\link.6932.write.1.tlog
c:\users\yassix2\documents\github\partageable\composant1\debug\composant1.tlog\link.command.1.tlog
c:\users\yassix2\documents\github\partageable\composant1\debug\composant1.tlog\link.read.1.tlog
c:\users\yassix2\documents\github\partageable\composant1\debug\composant1.tlog\link.write.1.tlog
c:\users\yassix2\documents\github\partageable\composant1\debug\composant1.tlog\rc.command.1.tlog
c:\users\yassix2\documents\github\partageable\composant1\debug\composant1.tlog\rc.read.1.tlog
c:\users\yassix2\documents\github\partageable\composant1\debug\composant1.tlog\rc.write.1.tlog
